<?xml version="1.0" encoding="UTF-8"?>
<!-- Generated by org.testng.reporters.JUnitReportReporter -->
<testsuite hostname="DESKTOP-47Q1693" failures="0" tests="1" name="BasicOfTestNG.login" time="17.922" errors="0" timestamp="2023-11-01T11:36:14 IST" skipped="0">
  <testcase classname="BasicOfTestNG.login" name="Login" time="17.922"/>
</testsuite> <!-- BasicOfTestNG.login -->
