<?xml version="1.0" encoding="UTF-8"?>
<!-- Generated by org.testng.reporters.JUnitReportReporter -->
<testsuite hostname="DESKTOP-47Q1693" failures="0" tests="2" name="BasicOfTestNG.lgout" time="13.615" errors="0" timestamp="2023-11-01T11:59:19 IST" skipped="0">
  <testcase classname="BasicOfTestNG.lgout" name="logo" time="2.245"/>
  <testcase classname="BasicOfTestNG.lgout" name="lgindemobook" time="11.370"/>
</testsuite> <!-- BasicOfTestNG.lgout -->
