<?xml version="1.0" encoding="UTF-8"?>
<!-- Generated by org.testng.reporters.JUnitReportReporter -->
<testsuite hostname="DESKTOP-47Q1693" failures="0" tests="1" name="BasicOfTestNG.addtocart" time="12.568" errors="0" timestamp="2023-11-01T11:36:14 IST" skipped="0">
  <testcase classname="BasicOfTestNG.addtocart" name="AddToCart" time="12.568"/>
</testsuite> <!-- BasicOfTestNG.addtocart -->
